                                                                                                                        
>>>>>>>>>>>>>>>>>>>>>>>>>>>>>>>>>>>>>>>>>>>>>>>>>>>>>>>>>>>>>>>>>>>>>>>>>>>>>>>>>>>>>>>>>>>>>>>>>>>>>>>>>>>>>>>>>>>>>>>>
2024-05-04 10:46:32,602 - INFO - START create_solution_sign =============================================
2024-05-04 10:46:32,602 - INFO - START create_solution_sign Start Time = 2024-05-04 10:46:32
2024-05-04 10:46:32,603 - INFO - create_solution_sign Step 0 - Initialize the configuration file parser
2024-05-04 10:46:32,604 - INFO - Process create_solution_sign Step 0 - Initializing and starting Logging Process.
2024-05-04 10:46:46,764 - INFO - PERFORMANCE create_solution_sign The total process duration was:14.16
2024-05-04 10:46:46,765 - INFO - PERFORMANCE create_solution_sign Stop Time = 2024-05-04 10:46:46
2024-05-04 10:46:46,765 - INFO - PERFORMANCE create_solution_sign Low process duration less than 3 minutes:14.16
2024-05-04 10:46:46,765 - INFO - PERFORMANCE create_solution_sign Performance optimization is optional
2024-05-04 10:46:46,765 - INFO - END create_solution_sign =============================================

<<<<<<<<<<<<<<<<<<<<<<<<<<<<<<<<<<<<<<<<<<<<<<<<<<<<<<<<<<<<<<<<<<<<<<<<<<<<<<<<<<<<<<<<<<<<<<<<<<<<<<<<<<<<<<<<<<<<<<<<
                                                                                                                        
                                                                                                                        
>>>>>>>>>>>>>>>>>>>>>>>>>>>>>>>>>>>>>>>>>>>>>>>>>>>>>>>>>>>>>>>>>>>>>>>>>>>>>>>>>>>>>>>>>>>>>>>>>>>>>>>>>>>>>>>>>>>>>>>>
2024-05-05 15:42:59,223 - INFO - START create_solution_sign =============================================
2024-05-05 15:42:59,223 - INFO - START create_solution_sign Start Time = 2024-05-05 15:42:59
2024-05-05 15:42:59,223 - INFO - create_solution_sign Step 0 - Initialize the configuration file parser
2024-05-05 15:42:59,224 - INFO - Process create_solution_sign Step 0 - Initializing and starting Logging Process.
2024-05-05 15:43:11,614 - INFO - PERFORMANCE create_solution_sign The total process duration was:12.39
2024-05-05 15:43:11,614 - INFO - PERFORMANCE create_solution_sign Stop Time = 2024-05-05 15:43:11
2024-05-05 15:43:11,614 - INFO - PERFORMANCE create_solution_sign Low process duration less than 3 minutes:12.39
2024-05-05 15:43:11,614 - INFO - PERFORMANCE create_solution_sign Performance optimization is optional
2024-05-05 15:43:11,615 - INFO - END create_solution_sign =============================================

<<<<<<<<<<<<<<<<<<<<<<<<<<<<<<<<<<<<<<<<<<<<<<<<<<<<<<<<<<<<<<<<<<<<<<<<<<<<<<<<<<<<<<<<<<<<<<<<<<<<<<<<<<<<<<<<<<<<<<<<
                                                                                                                        
                                                                                                                        
>>>>>>>>>>>>>>>>>>>>>>>>>>>>>>>>>>>>>>>>>>>>>>>>>>>>>>>>>>>>>>>>>>>>>>>>>>>>>>>>>>>>>>>>>>>>>>>>>>>>>>>>>>>>>>>>>>>>>>>>
2024-05-05 23:00:45,795 - INFO - START create_solution_sign =============================================
2024-05-05 23:00:45,796 - INFO - START create_solution_sign Start Time = 2024-05-05 23:00:45
2024-05-05 23:00:45,796 - INFO - create_solution_sign Step 0 - Initialize the configuration file parser
2024-05-05 23:00:45,796 - INFO - Process create_solution_sign Step 0 - Initializing and starting Logging Process.
2024-05-05 23:00:57,905 - INFO - PERFORMANCE create_solution_sign The total process duration was:12.11
2024-05-05 23:00:57,905 - INFO - PERFORMANCE create_solution_sign Stop Time = 2024-05-05 23:00:57
2024-05-05 23:00:57,905 - INFO - PERFORMANCE create_solution_sign Low process duration less than 3 minutes:12.11
2024-05-05 23:00:57,905 - INFO - PERFORMANCE create_solution_sign Performance optimization is optional
2024-05-05 23:00:57,905 - INFO - END create_solution_sign =============================================

<<<<<<<<<<<<<<<<<<<<<<<<<<<<<<<<<<<<<<<<<<<<<<<<<<<<<<<<<<<<<<<<<<<<<<<<<<<<<<<<<<<<<<<<<<<<<<<<<<<<<<<<<<<<<<<<<<<<<<<<
                                                                                                                        
                                                                                                                        
>>>>>>>>>>>>>>>>>>>>>>>>>>>>>>>>>>>>>>>>>>>>>>>>>>>>>>>>>>>>>>>>>>>>>>>>>>>>>>>>>>>>>>>>>>>>>>>>>>>>>>>>>>>>>>>>>>>>>>>>
2024-05-05 23:57:41,077 - INFO - START create_solution_sign =============================================
2024-05-05 23:57:41,077 - INFO - START create_solution_sign Start Time = 2024-05-05 23:57:41
2024-05-05 23:57:41,077 - INFO - create_solution_sign Step 0 - Initialize the configuration file parser
2024-05-05 23:57:41,077 - INFO - Process create_solution_sign Step 0 - Initializing and starting Logging Process.
2024-05-05 23:57:53,144 - INFO - PERFORMANCE create_solution_sign The total process duration was:12.07
2024-05-05 23:57:53,144 - INFO - PERFORMANCE create_solution_sign Stop Time = 2024-05-05 23:57:53
2024-05-05 23:57:53,144 - INFO - PERFORMANCE create_solution_sign Low process duration less than 3 minutes:12.07
2024-05-05 23:57:53,144 - INFO - PERFORMANCE create_solution_sign Performance optimization is optional
2024-05-05 23:57:53,144 - INFO - END create_solution_sign =============================================

<<<<<<<<<<<<<<<<<<<<<<<<<<<<<<<<<<<<<<<<<<<<<<<<<<<<<<<<<<<<<<<<<<<<<<<<<<<<<<<<<<<<<<<<<<<<<<<<<<<<<<<<<<<<<<<<<<<<<<<<
                                                                                                                        
                                                                                                                        
>>>>>>>>>>>>>>>>>>>>>>>>>>>>>>>>>>>>>>>>>>>>>>>>>>>>>>>>>>>>>>>>>>>>>>>>>>>>>>>>>>>>>>>>>>>>>>>>>>>>>>>>>>>>>>>>>>>>>>>>
2024-05-06 01:02:40,410 - INFO - START create_solution_sign =============================================
2024-05-06 01:02:40,410 - INFO - START create_solution_sign Start Time = 2024-05-06 01:02:40
2024-05-06 01:02:40,410 - INFO - create_solution_sign Step 0 - Initialize the configuration file parser
2024-05-06 01:02:40,410 - INFO - Process create_solution_sign Step 0 - Initializing and starting Logging Process.
2024-05-06 01:02:52,483 - INFO - PERFORMANCE create_solution_sign The total process duration was:12.07
2024-05-06 01:02:52,483 - INFO - PERFORMANCE create_solution_sign Stop Time = 2024-05-06 01:02:52
2024-05-06 01:02:52,483 - INFO - PERFORMANCE create_solution_sign Low process duration less than 3 minutes:12.07
2024-05-06 01:02:52,483 - INFO - PERFORMANCE create_solution_sign Performance optimization is optional
2024-05-06 01:02:52,483 - INFO - END create_solution_sign =============================================

<<<<<<<<<<<<<<<<<<<<<<<<<<<<<<<<<<<<<<<<<<<<<<<<<<<<<<<<<<<<<<<<<<<<<<<<<<<<<<<<<<<<<<<<<<<<<<<<<<<<<<<<<<<<<<<<<<<<<<<<
                                                                                                                        
                                                                                                                        
>>>>>>>>>>>>>>>>>>>>>>>>>>>>>>>>>>>>>>>>>>>>>>>>>>>>>>>>>>>>>>>>>>>>>>>>>>>>>>>>>>>>>>>>>>>>>>>>>>>>>>>>>>>>>>>>>>>>>>>>
2024-05-06 01:05:28,574 - INFO - START create_solution_sign =============================================
2024-05-06 01:05:28,574 - INFO - START create_solution_sign Start Time = 2024-05-06 01:05:28
2024-05-06 01:05:28,574 - INFO - create_solution_sign Step 0 - Initialize the configuration file parser
2024-05-06 01:05:28,574 - INFO - Process create_solution_sign Step 0 - Initializing and starting Logging Process.
2024-05-06 01:05:42,016 - INFO - PERFORMANCE create_solution_sign The total process duration was:13.44
2024-05-06 01:05:42,017 - INFO - PERFORMANCE create_solution_sign Stop Time = 2024-05-06 01:05:42
2024-05-06 01:05:42,017 - INFO - PERFORMANCE create_solution_sign Low process duration less than 3 minutes:13.44
2024-05-06 01:05:42,017 - INFO - PERFORMANCE create_solution_sign Performance optimization is optional
2024-05-06 01:05:42,017 - INFO - END create_solution_sign =============================================

<<<<<<<<<<<<<<<<<<<<<<<<<<<<<<<<<<<<<<<<<<<<<<<<<<<<<<<<<<<<<<<<<<<<<<<<<<<<<<<<<<<<<<<<<<<<<<<<<<<<<<<<<<<<<<<<<<<<<<<<
                                                                                                                        
                                                                                                                        
>>>>>>>>>>>>>>>>>>>>>>>>>>>>>>>>>>>>>>>>>>>>>>>>>>>>>>>>>>>>>>>>>>>>>>>>>>>>>>>>>>>>>>>>>>>>>>>>>>>>>>>>>>>>>>>>>>>>>>>>
2024-05-21 01:25:36,350 - INFO - START create_solution_sign =============================================
2024-05-21 01:25:36,351 - INFO - START create_solution_sign Start Time = 2024-05-21 01:25:36
2024-05-21 01:25:36,351 - INFO - create_solution_sign Step 0 - Initialize the configuration file parser
2024-05-21 01:25:36,351 - INFO - Process create_solution_sign Step 0 - Initializing and starting Logging Process.
2024-05-21 01:25:48,611 - INFO - PERFORMANCE create_solution_sign The total process duration was:12.26
2024-05-21 01:25:48,611 - INFO - PERFORMANCE create_solution_sign Stop Time = 2024-05-21 01:25:48
2024-05-21 01:25:48,611 - INFO - PERFORMANCE create_solution_sign Low process duration less than 3 minutes:12.26
2024-05-21 01:25:48,611 - INFO - PERFORMANCE create_solution_sign Performance optimization is optional
2024-05-21 01:25:48,612 - INFO - END create_solution_sign =============================================

<<<<<<<<<<<<<<<<<<<<<<<<<<<<<<<<<<<<<<<<<<<<<<<<<<<<<<<<<<<<<<<<<<<<<<<<<<<<<<<<<<<<<<<<<<<<<<<<<<<<<<<<<<<<<<<<<<<<<<<<
                                                                                                                        
                                                                                                                        
>>>>>>>>>>>>>>>>>>>>>>>>>>>>>>>>>>>>>>>>>>>>>>>>>>>>>>>>>>>>>>>>>>>>>>>>>>>>>>>>>>>>>>>>>>>>>>>>>>>>>>>>>>>>>>>>>>>>>>>>
2024-05-21 01:54:27,872 - INFO - START create_solution_sign =============================================
2024-05-21 01:54:27,872 - INFO - START create_solution_sign Start Time = 2024-05-21 01:54:27
2024-05-21 01:54:27,872 - INFO - create_solution_sign Step 0 - Initialize the configuration file parser
2024-05-21 01:54:27,873 - INFO - Process create_solution_sign Step 0 - Initializing and starting Logging Process.
2024-05-21 01:54:39,625 - INFO - PERFORMANCE create_solution_sign The total process duration was:11.75
2024-05-21 01:54:39,625 - INFO - PERFORMANCE create_solution_sign Stop Time = 2024-05-21 01:54:39
2024-05-21 01:54:39,625 - INFO - PERFORMANCE create_solution_sign Low process duration less than 3 minutes:11.75
2024-05-21 01:54:39,625 - INFO - PERFORMANCE create_solution_sign Performance optimization is optional
2024-05-21 01:54:39,625 - INFO - END create_solution_sign =============================================

<<<<<<<<<<<<<<<<<<<<<<<<<<<<<<<<<<<<<<<<<<<<<<<<<<<<<<<<<<<<<<<<<<<<<<<<<<<<<<<<<<<<<<<<<<<<<<<<<<<<<<<<<<<<<<<<<<<<<<<<
                                                                                                                        
                                                                                                                        
>>>>>>>>>>>>>>>>>>>>>>>>>>>>>>>>>>>>>>>>>>>>>>>>>>>>>>>>>>>>>>>>>>>>>>>>>>>>>>>>>>>>>>>>>>>>>>>>>>>>>>>>>>>>>>>>>>>>>>>>
2024-05-22 22:05:50,885 - INFO - START create_solution_sign =============================================
2024-05-22 22:05:50,885 - INFO - START create_solution_sign Start Time = 2024-05-22 22:05:50
2024-05-22 22:05:50,885 - INFO - create_solution_sign Step 0 - Initialize the configuration file parser
2024-05-22 22:05:50,885 - INFO - Process create_solution_sign Step 0 - Initializing and starting Logging Process.
2024-05-22 22:06:03,885 - INFO - PERFORMANCE create_solution_sign The total process duration was:13.00
2024-05-22 22:06:03,886 - INFO - PERFORMANCE create_solution_sign Stop Time = 2024-05-22 22:06:03
2024-05-22 22:06:03,886 - INFO - PERFORMANCE create_solution_sign Low process duration less than 3 minutes:13.00
2024-05-22 22:06:03,886 - INFO - PERFORMANCE create_solution_sign Performance optimization is optional
2024-05-22 22:06:03,886 - INFO - END create_solution_sign =============================================

<<<<<<<<<<<<<<<<<<<<<<<<<<<<<<<<<<<<<<<<<<<<<<<<<<<<<<<<<<<<<<<<<<<<<<<<<<<<<<<<<<<<<<<<<<<<<<<<<<<<<<<<<<<<<<<<<<<<<<<<
                                                                                                                        
                                                                                                                        
>>>>>>>>>>>>>>>>>>>>>>>>>>>>>>>>>>>>>>>>>>>>>>>>>>>>>>>>>>>>>>>>>>>>>>>>>>>>>>>>>>>>>>>>>>>>>>>>>>>>>>>>>>>>>>>>>>>>>>>>
2024-09-20 12:34:43,725 - INFO - START create_solution_sign =============================================
2024-09-20 12:34:43,725 - INFO - START create_solution_sign Start Time = 2024-09-20 12:34:43
2024-09-20 12:34:43,725 - INFO - create_solution_sign Step 0 - Initialize the configuration file parser
2024-09-20 12:34:43,727 - INFO - Process create_solution_sign Step 0 - Initializing and starting Logging Process.
2024-09-20 12:34:57,446 - INFO - PERFORMANCE create_solution_sign The total process duration was:13.72
2024-09-20 12:34:57,447 - INFO - PERFORMANCE create_solution_sign Stop Time = 2024-09-20 12:34:57
2024-09-20 12:34:57,447 - INFO - PERFORMANCE create_solution_sign Low process duration less than 3 minutes:13.72
2024-09-20 12:34:57,447 - INFO - PERFORMANCE create_solution_sign Performance optimization is optional
2024-09-20 12:34:57,447 - INFO - END create_solution_sign =============================================

<<<<<<<<<<<<<<<<<<<<<<<<<<<<<<<<<<<<<<<<<<<<<<<<<<<<<<<<<<<<<<<<<<<<<<<<<<<<<<<<<<<<<<<<<<<<<<<<<<<<<<<<<<<<<<<<<<<<<<<<
                                                                                                                        
                                                                                                                        
>>>>>>>>>>>>>>>>>>>>>>>>>>>>>>>>>>>>>>>>>>>>>>>>>>>>>>>>>>>>>>>>>>>>>>>>>>>>>>>>>>>>>>>>>>>>>>>>>>>>>>>>>>>>>>>>>>>>>>>>
2024-09-24 22:37:40,188 - INFO - START create_solution_sign =============================================
2024-09-24 22:37:40,188 - INFO - START create_solution_sign Start Time = 2024-09-24 22:37:40
2024-09-24 22:37:40,188 - INFO - create_solution_sign Step 0 - Initialize the configuration file parser
2024-09-24 22:37:40,189 - INFO - Process create_solution_sign Step 0 - Initializing and starting Logging Process.
2024-09-24 22:37:56,914 - INFO - PERFORMANCE create_solution_sign The total process duration was:16.73
2024-09-24 22:37:56,914 - INFO - PERFORMANCE create_solution_sign Stop Time = 2024-09-24 22:37:56
2024-09-24 22:37:56,914 - INFO - PERFORMANCE create_solution_sign Low process duration less than 3 minutes:16.73
2024-09-24 22:37:56,914 - INFO - PERFORMANCE create_solution_sign Performance optimization is optional
2024-09-24 22:37:56,914 - INFO - END create_solution_sign =============================================

<<<<<<<<<<<<<<<<<<<<<<<<<<<<<<<<<<<<<<<<<<<<<<<<<<<<<<<<<<<<<<<<<<<<<<<<<<<<<<<<<<<<<<<<<<<<<<<<<<<<<<<<<<<<<<<<<<<<<<<<
                                                                                                                        
                                                                                                                        
>>>>>>>>>>>>>>>>>>>>>>>>>>>>>>>>>>>>>>>>>>>>>>>>>>>>>>>>>>>>>>>>>>>>>>>>>>>>>>>>>>>>>>>>>>>>>>>>>>>>>>>>>>>>>>>>>>>>>>>>
2024-10-04 00:57:03,296 - INFO - START create_solution_sign =============================================
2024-10-04 00:57:03,296 - INFO - START create_solution_sign Start Time = 2024-10-04 00:57:03
2024-10-04 00:57:03,296 - INFO - create_solution_sign Step 0 - Initialize the configuration file parser
2024-10-04 00:57:03,297 - INFO - Process create_solution_sign Step 0 - Initializing and starting Logging Process.
2024-10-04 00:57:21,196 - INFO - PERFORMANCE create_solution_sign The total process duration was:17.90
2024-10-04 00:57:21,196 - INFO - PERFORMANCE create_solution_sign Stop Time = 2024-10-04 00:57:21
2024-10-04 00:57:21,196 - INFO - PERFORMANCE create_solution_sign Low process duration less than 3 minutes:17.90
2024-10-04 00:57:21,196 - INFO - PERFORMANCE create_solution_sign Performance optimization is optional
2024-10-04 00:57:21,196 - INFO - END create_solution_sign =============================================

<<<<<<<<<<<<<<<<<<<<<<<<<<<<<<<<<<<<<<<<<<<<<<<<<<<<<<<<<<<<<<<<<<<<<<<<<<<<<<<<<<<<<<<<<<<<<<<<<<<<<<<<<<<<<<<<<<<<<<<<
                                                                                                                        
                                                                                                                        
>>>>>>>>>>>>>>>>>>>>>>>>>>>>>>>>>>>>>>>>>>>>>>>>>>>>>>>>>>>>>>>>>>>>>>>>>>>>>>>>>>>>>>>>>>>>>>>>>>>>>>>>>>>>>>>>>>>>>>>>
2024-10-13 13:17:51,672 - INFO - START create_solution_sign =============================================
2024-10-13 13:17:51,672 - INFO - START create_solution_sign Start Time = 2024-10-13 13:17:51
2024-10-13 13:17:51,672 - INFO - create_solution_sign Step 0 - Initialize the configuration file parser
2024-10-13 13:17:51,673 - INFO - Process create_solution_sign Step 0 - Initializing and starting Logging Process.
2024-10-13 13:18:12,419 - INFO - PERFORMANCE create_solution_sign The total process duration was:20.75
2024-10-13 13:18:12,419 - INFO - PERFORMANCE create_solution_sign Stop Time = 2024-10-13 13:18:12
2024-10-13 13:18:12,419 - INFO - PERFORMANCE create_solution_sign Low process duration less than 3 minutes:20.75
2024-10-13 13:18:12,419 - INFO - PERFORMANCE create_solution_sign Performance optimization is optional
2024-10-13 13:18:12,419 - INFO - END create_solution_sign =============================================

<<<<<<<<<<<<<<<<<<<<<<<<<<<<<<<<<<<<<<<<<<<<<<<<<<<<<<<<<<<<<<<<<<<<<<<<<<<<<<<<<<<<<<<<<<<<<<<<<<<<<<<<<<<<<<<<<<<<<<<<
                                                                                                                        
                                                                                                                        
>>>>>>>>>>>>>>>>>>>>>>>>>>>>>>>>>>>>>>>>>>>>>>>>>>>>>>>>>>>>>>>>>>>>>>>>>>>>>>>>>>>>>>>>>>>>>>>>>>>>>>>>>>>>>>>>>>>>>>>>
2024-10-13 13:38:41,826 - INFO - START create_solution_sign =============================================
2024-10-13 13:38:41,826 - INFO - START create_solution_sign Start Time = 2024-10-13 13:38:41
2024-10-13 13:38:41,826 - INFO - create_solution_sign Step 0 - Initialize the configuration file parser
2024-10-13 13:38:41,827 - INFO - Process create_solution_sign Step 0 - Initializing and starting Logging Process.
2024-10-13 13:39:00,464 - INFO - PERFORMANCE create_solution_sign The total process duration was:18.64
2024-10-13 13:39:00,465 - INFO - PERFORMANCE create_solution_sign Stop Time = 2024-10-13 13:39:00
2024-10-13 13:39:00,465 - INFO - PERFORMANCE create_solution_sign Low process duration less than 3 minutes:18.64
2024-10-13 13:39:00,465 - INFO - PERFORMANCE create_solution_sign Performance optimization is optional
2024-10-13 13:39:00,465 - INFO - END create_solution_sign =============================================

<<<<<<<<<<<<<<<<<<<<<<<<<<<<<<<<<<<<<<<<<<<<<<<<<<<<<<<<<<<<<<<<<<<<<<<<<<<<<<<<<<<<<<<<<<<<<<<<<<<<<<<<<<<<<<<<<<<<<<<<
                                                                                                                        
                                                                                                                        
>>>>>>>>>>>>>>>>>>>>>>>>>>>>>>>>>>>>>>>>>>>>>>>>>>>>>>>>>>>>>>>>>>>>>>>>>>>>>>>>>>>>>>>>>>>>>>>>>>>>>>>>>>>>>>>>>>>>>>>>
2024-10-15 20:13:50,808 - INFO - START create_solution_sign =============================================
2024-10-15 20:13:50,808 - INFO - START create_solution_sign Start Time = 2024-10-15 20:13:50
2024-10-15 20:13:50,808 - INFO - create_solution_sign Step 0 - Initialize the configuration file parser
2024-10-15 20:13:50,808 - INFO - Process create_solution_sign Step 0 - Initializing and starting Logging Process.
2024-10-15 20:14:11,037 - INFO - PERFORMANCE create_solution_sign The total process duration was:20.23
2024-10-15 20:14:11,037 - INFO - PERFORMANCE create_solution_sign Stop Time = 2024-10-15 20:14:11
2024-10-15 20:14:11,037 - INFO - PERFORMANCE create_solution_sign Low process duration less than 3 minutes:20.23
2024-10-15 20:14:11,037 - INFO - PERFORMANCE create_solution_sign Performance optimization is optional
2024-10-15 20:14:11,037 - INFO - END create_solution_sign =============================================

<<<<<<<<<<<<<<<<<<<<<<<<<<<<<<<<<<<<<<<<<<<<<<<<<<<<<<<<<<<<<<<<<<<<<<<<<<<<<<<<<<<<<<<<<<<<<<<<<<<<<<<<<<<<<<<<<<<<<<<<
                                                                                                                        
                                                                                                                        
>>>>>>>>>>>>>>>>>>>>>>>>>>>>>>>>>>>>>>>>>>>>>>>>>>>>>>>>>>>>>>>>>>>>>>>>>>>>>>>>>>>>>>>>>>>>>>>>>>>>>>>>>>>>>>>>>>>>>>>>
2024-10-18 21:52:37,073 - INFO - START create_solution_sign =============================================
2024-10-18 21:52:37,073 - INFO - START create_solution_sign Start Time = 2024-10-18 21:52:37
2024-10-18 21:52:37,073 - INFO - create_solution_sign Step 0 - Initialize the configuration file parser
2024-10-18 21:52:37,074 - INFO - Process create_solution_sign Step 0 - Initializing and starting Logging Process.
2024-10-18 21:52:57,823 - INFO - PERFORMANCE create_solution_sign The total process duration was:20.75
2024-10-18 21:52:57,823 - INFO - PERFORMANCE create_solution_sign Stop Time = 2024-10-18 21:52:57
2024-10-18 21:52:57,823 - INFO - PERFORMANCE create_solution_sign Low process duration less than 3 minutes:20.75
2024-10-18 21:52:57,823 - INFO - PERFORMANCE create_solution_sign Performance optimization is optional
2024-10-18 21:52:57,823 - INFO - END create_solution_sign =============================================

<<<<<<<<<<<<<<<<<<<<<<<<<<<<<<<<<<<<<<<<<<<<<<<<<<<<<<<<<<<<<<<<<<<<<<<<<<<<<<<<<<<<<<<<<<<<<<<<<<<<<<<<<<<<<<<<<<<<<<<<
                                                                                                                        
                                                                                                                        
>>>>>>>>>>>>>>>>>>>>>>>>>>>>>>>>>>>>>>>>>>>>>>>>>>>>>>>>>>>>>>>>>>>>>>>>>>>>>>>>>>>>>>>>>>>>>>>>>>>>>>>>>>>>>>>>>>>>>>>>
2024-10-27 22:08:55,330 - INFO - START create_solution_sign =============================================
2024-10-27 22:08:55,330 - INFO - START create_solution_sign Start Time = 2024-10-27 22:08:55
2024-10-27 22:08:55,330 - INFO - create_solution_sign Step 0 - Initialize the configuration file parser
2024-10-27 22:08:55,331 - INFO - Process create_solution_sign Step 0 - Initializing and starting Logging Process.
2024-10-27 22:09:16,320 - INFO - PERFORMANCE create_solution_sign The total process duration was:20.99
2024-10-27 22:09:16,320 - INFO - PERFORMANCE create_solution_sign Stop Time = 2024-10-27 22:09:16
2024-10-27 22:09:16,320 - INFO - PERFORMANCE create_solution_sign Low process duration less than 3 minutes:20.99
2024-10-27 22:09:16,321 - INFO - PERFORMANCE create_solution_sign Performance optimization is optional
2024-10-27 22:09:16,321 - INFO - END create_solution_sign =============================================

<<<<<<<<<<<<<<<<<<<<<<<<<<<<<<<<<<<<<<<<<<<<<<<<<<<<<<<<<<<<<<<<<<<<<<<<<<<<<<<<<<<<<<<<<<<<<<<<<<<<<<<<<<<<<<<<<<<<<<<<
                                                                                                                        
                                                                                                                        
>>>>>>>>>>>>>>>>>>>>>>>>>>>>>>>>>>>>>>>>>>>>>>>>>>>>>>>>>>>>>>>>>>>>>>>>>>>>>>>>>>>>>>>>>>>>>>>>>>>>>>>>>>>>>>>>>>>>>>>>
2025-01-20 14:51:04,743 - INFO - START create_solution_sign =============================================
2025-01-20 14:51:04,743 - INFO - START create_solution_sign Start Time = 2025-01-20 14:51:04
2025-01-20 14:51:04,743 - INFO - create_solution_sign Step 0 - Initialize the configuration file parser
2025-01-20 14:51:04,744 - INFO - Process create_solution_sign Step 0 - Initializing and starting Logging Process.
2025-01-20 14:51:27,986 - INFO - PERFORMANCE create_solution_sign The total process duration was:23.24
2025-01-20 14:51:27,986 - INFO - PERFORMANCE create_solution_sign Stop Time = 2025-01-20 14:51:27
2025-01-20 14:51:27,986 - INFO - PERFORMANCE create_solution_sign Low process duration less than 3 minutes:23.24
2025-01-20 14:51:27,986 - INFO - PERFORMANCE create_solution_sign Performance optimization is optional
2025-01-20 14:51:27,986 - INFO - END create_solution_sign =============================================

<<<<<<<<<<<<<<<<<<<<<<<<<<<<<<<<<<<<<<<<<<<<<<<<<<<<<<<<<<<<<<<<<<<<<<<<<<<<<<<<<<<<<<<<<<<<<<<<<<<<<<<<<<<<<<<<<<<<<<<<
                                                                                                                        
                                                                                                                        
>>>>>>>>>>>>>>>>>>>>>>>>>>>>>>>>>>>>>>>>>>>>>>>>>>>>>>>>>>>>>>>>>>>>>>>>>>>>>>>>>>>>>>>>>>>>>>>>>>>>>>>>>>>>>>>>>>>>>>>>
2025-01-31 22:32:31,659 - INFO - START create_solution_sign =============================================
2025-01-31 22:32:31,659 - INFO - START create_solution_sign Start Time = 2025-01-31 22:32:31
2025-01-31 22:32:31,659 - INFO - create_solution_sign Step 0 - Initialize the configuration file parser
2025-01-31 22:32:31,660 - INFO - Process create_solution_sign Step 0 - Initializing and starting Logging Process.
2025-01-31 22:32:53,151 - INFO - PERFORMANCE create_solution_sign The total process duration was:21.49
2025-01-31 22:32:53,152 - INFO - PERFORMANCE create_solution_sign Stop Time = 2025-01-31 22:32:53
2025-01-31 22:32:53,152 - INFO - PERFORMANCE create_solution_sign Low process duration less than 3 minutes:21.49
2025-01-31 22:32:53,152 - INFO - PERFORMANCE create_solution_sign Performance optimization is optional
2025-01-31 22:32:53,152 - INFO - END create_solution_sign =============================================

<<<<<<<<<<<<<<<<<<<<<<<<<<<<<<<<<<<<<<<<<<<<<<<<<<<<<<<<<<<<<<<<<<<<<<<<<<<<<<<<<<<<<<<<<<<<<<<<<<<<<<<<<<<<<<<<<<<<<<<<
                                                                                                                        
                                                                                                                        
>>>>>>>>>>>>>>>>>>>>>>>>>>>>>>>>>>>>>>>>>>>>>>>>>>>>>>>>>>>>>>>>>>>>>>>>>>>>>>>>>>>>>>>>>>>>>>>>>>>>>>>>>>>>>>>>>>>>>>>>
2025-01-31 22:47:59,379 - INFO - START create_solution_sign =============================================
2025-01-31 22:47:59,380 - INFO - START create_solution_sign Start Time = 2025-01-31 22:47:59
2025-01-31 22:47:59,380 - INFO - create_solution_sign Step 0 - Initialize the configuration file parser
2025-01-31 22:47:59,380 - INFO - Process create_solution_sign Step 0 - Initializing and starting Logging Process.
2025-01-31 22:48:20,756 - INFO - PERFORMANCE create_solution_sign The total process duration was:21.38
2025-01-31 22:48:20,756 - INFO - PERFORMANCE create_solution_sign Stop Time = 2025-01-31 22:48:20
2025-01-31 22:48:20,757 - INFO - PERFORMANCE create_solution_sign Low process duration less than 3 minutes:21.38
2025-01-31 22:48:20,757 - INFO - PERFORMANCE create_solution_sign Performance optimization is optional
2025-01-31 22:48:20,757 - INFO - END create_solution_sign =============================================

<<<<<<<<<<<<<<<<<<<<<<<<<<<<<<<<<<<<<<<<<<<<<<<<<<<<<<<<<<<<<<<<<<<<<<<<<<<<<<<<<<<<<<<<<<<<<<<<<<<<<<<<<<<<<<<<<<<<<<<<
                                                                                                                        
                                                                                                                        
>>>>>>>>>>>>>>>>>>>>>>>>>>>>>>>>>>>>>>>>>>>>>>>>>>>>>>>>>>>>>>>>>>>>>>>>>>>>>>>>>>>>>>>>>>>>>>>>>>>>>>>>>>>>>>>>>>>>>>>>
2025-02-01 21:29:49,650 - INFO - START create_solution_sign =============================================
2025-02-01 21:29:49,650 - INFO - START create_solution_sign Start Time = 2025-02-01 21:29:49
2025-02-01 21:29:49,650 - INFO - create_solution_sign Step 0 - Initialize the configuration file parser
2025-02-01 21:29:49,650 - INFO - Process create_solution_sign Step 0 - Initializing and starting Logging Process.
2025-02-01 21:30:10,283 - INFO - PERFORMANCE create_solution_sign The total process duration was:20.63
2025-02-01 21:30:10,283 - INFO - PERFORMANCE create_solution_sign Stop Time = 2025-02-01 21:30:10
2025-02-01 21:30:10,283 - INFO - PERFORMANCE create_solution_sign Low process duration less than 3 minutes:20.63
2025-02-01 21:30:10,283 - INFO - PERFORMANCE create_solution_sign Performance optimization is optional
2025-02-01 21:30:10,283 - INFO - END create_solution_sign =============================================

<<<<<<<<<<<<<<<<<<<<<<<<<<<<<<<<<<<<<<<<<<<<<<<<<<<<<<<<<<<<<<<<<<<<<<<<<<<<<<<<<<<<<<<<<<<<<<<<<<<<<<<<<<<<<<<<<<<<<<<<
                                                                                                                        
                                                                                                                        
>>>>>>>>>>>>>>>>>>>>>>>>>>>>>>>>>>>>>>>>>>>>>>>>>>>>>>>>>>>>>>>>>>>>>>>>>>>>>>>>>>>>>>>>>>>>>>>>>>>>>>>>>>>>>>>>>>>>>>>>
2025-04-26 16:59:02,635 - INFO - START create_solution_sign =============================================
2025-04-26 16:59:02,635 - INFO - START create_solution_sign Start Time = 2025-04-26 16:59:02
2025-04-26 16:59:02,635 - INFO - create_solution_sign Step 0 - Initialize the configuration file parser
2025-04-26 16:59:02,635 - INFO - Process create_solution_sign Step 0 - Initializing and starting Logging Process.
2025-04-26 16:59:26,811 - INFO - PERFORMANCE create_solution_sign The total process duration was:24.18
2025-04-26 16:59:26,811 - INFO - PERFORMANCE create_solution_sign Stop Time = 2025-04-26 16:59:26
2025-04-26 16:59:26,811 - INFO - PERFORMANCE create_solution_sign Low process duration less than 3 minutes:24.18
2025-04-26 16:59:26,811 - INFO - PERFORMANCE create_solution_sign Performance optimization is optional
2025-04-26 16:59:26,812 - INFO - END create_solution_sign =============================================

<<<<<<<<<<<<<<<<<<<<<<<<<<<<<<<<<<<<<<<<<<<<<<<<<<<<<<<<<<<<<<<<<<<<<<<<<<<<<<<<<<<<<<<<<<<<<<<<<<<<<<<<<<<<<<<<<<<<<<<<
                                                                                                                        
                                                                                                                        
>>>>>>>>>>>>>>>>>>>>>>>>>>>>>>>>>>>>>>>>>>>>>>>>>>>>>>>>>>>>>>>>>>>>>>>>>>>>>>>>>>>>>>>>>>>>>>>>>>>>>>>>>>>>>>>>>>>>>>>>
2025-04-27 20:12:25,533 - INFO - START create_solution_sign =============================================
2025-04-27 20:12:25,533 - INFO - START create_solution_sign Start Time = 2025-04-27 20:12:25
2025-04-27 20:12:25,533 - INFO - create_solution_sign Step 0 - Initialize the configuration file parser
2025-04-27 20:12:25,533 - INFO - Process create_solution_sign Step 0 - Initializing and starting Logging Process.
2025-04-27 20:12:48,983 - INFO - PERFORMANCE create_solution_sign The total process duration was:23.45
2025-04-27 20:12:48,983 - INFO - PERFORMANCE create_solution_sign Stop Time = 2025-04-27 20:12:48
2025-04-27 20:12:48,983 - INFO - PERFORMANCE create_solution_sign Low process duration less than 3 minutes:23.45
2025-04-27 20:12:48,983 - INFO - PERFORMANCE create_solution_sign Performance optimization is optional
2025-04-27 20:12:48,983 - INFO - END create_solution_sign =============================================

<<<<<<<<<<<<<<<<<<<<<<<<<<<<<<<<<<<<<<<<<<<<<<<<<<<<<<<<<<<<<<<<<<<<<<<<<<<<<<<<<<<<<<<<<<<<<<<<<<<<<<<<<<<<<<<<<<<<<<<<
                                                                                                                        
                                                                                                                        
>>>>>>>>>>>>>>>>>>>>>>>>>>>>>>>>>>>>>>>>>>>>>>>>>>>>>>>>>>>>>>>>>>>>>>>>>>>>>>>>>>>>>>>>>>>>>>>>>>>>>>>>>>>>>>>>>>>>>>>>
2025-05-06 20:29:33,579 - INFO - START create_solution_sign =============================================
2025-05-06 20:29:33,579 - INFO - START create_solution_sign Start Time = 2025-05-06 20:29:33
2025-05-06 20:29:33,579 - INFO - create_solution_sign Step 0 - Initialize the configuration file parser
2025-05-06 20:29:33,581 - INFO - Process create_solution_sign Step 0 - Initializing and starting Logging Process.
2025-05-06 20:29:56,651 - INFO - PERFORMANCE create_solution_sign The total process duration was:23.07
2025-05-06 20:29:56,651 - INFO - PERFORMANCE create_solution_sign Stop Time = 2025-05-06 20:29:56
2025-05-06 20:29:56,651 - INFO - PERFORMANCE create_solution_sign Low process duration less than 3 minutes:23.07
2025-05-06 20:29:56,651 - INFO - PERFORMANCE create_solution_sign Performance optimization is optional
2025-05-06 20:29:56,651 - INFO - END create_solution_sign =============================================

<<<<<<<<<<<<<<<<<<<<<<<<<<<<<<<<<<<<<<<<<<<<<<<<<<<<<<<<<<<<<<<<<<<<<<<<<<<<<<<<<<<<<<<<<<<<<<<<<<<<<<<<<<<<<<<<<<<<<<<<
                                                                                                                        
                                                                                                                        
>>>>>>>>>>>>>>>>>>>>>>>>>>>>>>>>>>>>>>>>>>>>>>>>>>>>>>>>>>>>>>>>>>>>>>>>>>>>>>>>>>>>>>>>>>>>>>>>>>>>>>>>>>>>>>>>>>>>>>>>
2025-10-10 20:23:02,602 - INFO - START create_solution_sign =============================================
2025-10-10 20:23:02,603 - INFO - START create_solution_sign Start Time = 2025-10-10 20:23:02
2025-10-10 20:23:02,603 - INFO - create_solution_sign Step 0 - Initialize the configuration file parser
2025-10-10 20:23:02,603 - INFO - Process create_solution_sign Step 0 - Initializing and starting Logging Process.
2025-10-10 20:23:23,668 - INFO - PERFORMANCE create_solution_sign The total process duration was:21.07
2025-10-10 20:23:23,668 - INFO - PERFORMANCE create_solution_sign Stop Time = 2025-10-10 20:23:23
2025-10-10 20:23:23,668 - INFO - PERFORMANCE create_solution_sign Low process duration less than 3 minutes:21.07
2025-10-10 20:23:23,668 - INFO - PERFORMANCE create_solution_sign Performance optimization is optional
2025-10-10 20:23:23,668 - INFO - END create_solution_sign =============================================

<<<<<<<<<<<<<<<<<<<<<<<<<<<<<<<<<<<<<<<<<<<<<<<<<<<<<<<<<<<<<<<<<<<<<<<<<<<<<<<<<<<<<<<<<<<<<<<<<<<<<<<<<<<<<<<<<<<<<<<<
                                                                                                                        
                                                                                                                        
>>>>>>>>>>>>>>>>>>>>>>>>>>>>>>>>>>>>>>>>>>>>>>>>>>>>>>>>>>>>>>>>>>>>>>>>>>>>>>>>>>>>>>>>>>>>>>>>>>>>>>>>>>>>>>>>>>>>>>>>
2025-10-11 19:37:20,725 - INFO - START create_solution_sign =============================================
2025-10-11 19:37:20,729 - INFO - START create_solution_sign Start Time = 2025-10-11 19:37:20
2025-10-11 19:37:20,729 - INFO - create_solution_sign Step 0 - Initialize the configuration file parser
2025-10-11 19:37:20,729 - INFO - Process create_solution_sign Step 0 - Initializing and starting Logging Process.
2025-10-11 19:37:39,329 - INFO - PERFORMANCE create_solution_sign The total process duration was:18.60
2025-10-11 19:37:39,329 - INFO - PERFORMANCE create_solution_sign Stop Time = 2025-10-11 19:37:39
2025-10-11 19:37:39,329 - INFO - PERFORMANCE create_solution_sign Low process duration less than 3 minutes:18.60
2025-10-11 19:37:39,329 - INFO - PERFORMANCE create_solution_sign Performance optimization is optional
2025-10-11 19:37:39,329 - INFO - END create_solution_sign =============================================

<<<<<<<<<<<<<<<<<<<<<<<<<<<<<<<<<<<<<<<<<<<<<<<<<<<<<<<<<<<<<<<<<<<<<<<<<<<<<<<<<<<<<<<<<<<<<<<<<<<<<<<<<<<<<<<<<<<<<<<<
                                                                                                                        
                                                                                                                        
>>>>>>>>>>>>>>>>>>>>>>>>>>>>>>>>>>>>>>>>>>>>>>>>>>>>>>>>>>>>>>>>>>>>>>>>>>>>>>>>>>>>>>>>>>>>>>>>>>>>>>>>>>>>>>>>>>>>>>>>
2025-10-13 15:55:52,226 - INFO - START create_solution_sign =============================================
2025-10-13 15:55:52,226 - INFO - START create_solution_sign Start Time = 2025-10-13 15:55:52
2025-10-13 15:55:52,226 - INFO - create_solution_sign Step 0 - Initialize the configuration file parser
2025-10-13 15:55:52,226 - INFO - Process create_solution_sign Step 0 - Initializing and starting Logging Process.
2025-10-13 15:56:10,982 - INFO - PERFORMANCE create_solution_sign The total process duration was:18.76
2025-10-13 15:56:10,982 - INFO - PERFORMANCE create_solution_sign Stop Time = 2025-10-13 15:56:10
2025-10-13 15:56:10,983 - INFO - PERFORMANCE create_solution_sign Low process duration less than 3 minutes:18.76
2025-10-13 15:56:10,983 - INFO - PERFORMANCE create_solution_sign Performance optimization is optional
2025-10-13 15:56:10,983 - INFO - END create_solution_sign =============================================

<<<<<<<<<<<<<<<<<<<<<<<<<<<<<<<<<<<<<<<<<<<<<<<<<<<<<<<<<<<<<<<<<<<<<<<<<<<<<<<<<<<<<<<<<<<<<<<<<<<<<<<<<<<<<<<<<<<<<<<<
                                                                                                                        
                                                                                                                        
>>>>>>>>>>>>>>>>>>>>>>>>>>>>>>>>>>>>>>>>>>>>>>>>>>>>>>>>>>>>>>>>>>>>>>>>>>>>>>>>>>>>>>>>>>>>>>>>>>>>>>>>>>>>>>>>>>>>>>>>
2025-10-13 21:04:00,545 - INFO - START create_solution_sign =============================================
2025-10-13 21:04:00,545 - INFO - START create_solution_sign Start Time = 2025-10-13 21:04:00
2025-10-13 21:04:00,545 - INFO - create_solution_sign Step 0 - Initialize the configuration file parser
2025-10-13 21:04:00,545 - INFO - Process create_solution_sign Step 0 - Initializing and starting Logging Process.
2025-10-13 21:04:18,607 - INFO - PERFORMANCE create_solution_sign The total process duration was:18.06
2025-10-13 21:04:18,607 - INFO - PERFORMANCE create_solution_sign Stop Time = 2025-10-13 21:04:18
2025-10-13 21:04:18,607 - INFO - PERFORMANCE create_solution_sign Low process duration less than 3 minutes:18.06
2025-10-13 21:04:18,607 - INFO - PERFORMANCE create_solution_sign Performance optimization is optional
2025-10-13 21:04:18,607 - INFO - END create_solution_sign =============================================

<<<<<<<<<<<<<<<<<<<<<<<<<<<<<<<<<<<<<<<<<<<<<<<<<<<<<<<<<<<<<<<<<<<<<<<<<<<<<<<<<<<<<<<<<<<<<<<<<<<<<<<<<<<<<<<<<<<<<<<<
                                                                                                                        
                                                                                                                        
>>>>>>>>>>>>>>>>>>>>>>>>>>>>>>>>>>>>>>>>>>>>>>>>>>>>>>>>>>>>>>>>>>>>>>>>>>>>>>>>>>>>>>>>>>>>>>>>>>>>>>>>>>>>>>>>>>>>>>>>
2025-11-10 16:29:05,235 - INFO - START create_solution_sign =============================================
2025-11-10 16:29:05,235 - INFO - START create_solution_sign Start Time = 2025-11-10 16:29:05
2025-11-10 16:29:05,235 - INFO - create_solution_sign Step 0 - Initialize the configuration file parser
2025-11-10 16:29:05,235 - INFO - Process create_solution_sign Step 0 - Initializing and starting Logging Process.
2025-11-12 10:47:49,837 - INFO - PERFORMANCE create_solution_sign The total process duration was:152324.60
2025-11-12 10:47:49,837 - INFO - PERFORMANCE create_solution_sign Stop Time = 2025-11-12 10:47:49
2025-11-12 10:47:49,837 - INFO - PERFORMANCE create_solution_sign LONG process duration greater than 10 Minutes:152324.60
2025-11-12 10:47:49,837 - INFO - PERFORMANCE create_solution_sign Performance optimization is required
2025-11-12 10:47:49,837 - INFO - END create_solution_sign =============================================

<<<<<<<<<<<<<<<<<<<<<<<<<<<<<<<<<<<<<<<<<<<<<<<<<<<<<<<<<<<<<<<<<<<<<<<<<<<<<<<<<<<<<<<<<<<<<<<<<<<<<<<<<<<<<<<<<<<<<<<<
                                                                                                                        
                                                                                                                        
>>>>>>>>>>>>>>>>>>>>>>>>>>>>>>>>>>>>>>>>>>>>>>>>>>>>>>>>>>>>>>>>>>>>>>>>>>>>>>>>>>>>>>>>>>>>>>>>>>>>>>>>>>>>>>>>>>>>>>>>
2025-11-12 10:48:06,966 - INFO - START create_solution_sign =============================================
2025-11-12 10:48:06,966 - INFO - START create_solution_sign Start Time = 2025-11-12 10:48:06
2025-11-12 10:48:06,966 - INFO - create_solution_sign Step 0 - Initialize the configuration file parser
2025-11-12 10:48:06,966 - INFO - Process create_solution_sign Step 0 - Initializing and starting Logging Process.
2025-11-12 10:48:25,396 - INFO - PERFORMANCE create_solution_sign The total process duration was:18.43
2025-11-12 10:48:25,396 - INFO - PERFORMANCE create_solution_sign Stop Time = 2025-11-12 10:48:25
2025-11-12 10:48:25,396 - INFO - PERFORMANCE create_solution_sign Low process duration less than 3 minutes:18.43
2025-11-12 10:48:25,396 - INFO - PERFORMANCE create_solution_sign Performance optimization is optional
2025-11-12 10:48:25,396 - INFO - END create_solution_sign =============================================

<<<<<<<<<<<<<<<<<<<<<<<<<<<<<<<<<<<<<<<<<<<<<<<<<<<<<<<<<<<<<<<<<<<<<<<<<<<<<<<<<<<<<<<<<<<<<<<<<<<<<<<<<<<<<<<<<<<<<<<<
                                                                                                                        
                                                                                                                        
>>>>>>>>>>>>>>>>>>>>>>>>>>>>>>>>>>>>>>>>>>>>>>>>>>>>>>>>>>>>>>>>>>>>>>>>>>>>>>>>>>>>>>>>>>>>>>>>>>>>>>>>>>>>>>>>>>>>>>>>
2025-11-12 12:23:33,043 - INFO - START create_solution_sign =============================================
2025-11-12 12:23:33,043 - INFO - START create_solution_sign Start Time = 2025-11-12 12:23:33
2025-11-12 12:23:33,043 - INFO - create_solution_sign Step 0 - Initialize the configuration file parser
2025-11-12 12:23:33,043 - INFO - Process create_solution_sign Step 0 - Initializing and starting Logging Process.
2025-11-12 12:23:52,089 - INFO - PERFORMANCE create_solution_sign The total process duration was:19.05
2025-11-12 12:23:52,089 - INFO - PERFORMANCE create_solution_sign Stop Time = 2025-11-12 12:23:52
2025-11-12 12:23:52,089 - INFO - PERFORMANCE create_solution_sign Low process duration less than 3 minutes:19.05
2025-11-12 12:23:52,089 - INFO - PERFORMANCE create_solution_sign Performance optimization is optional
2025-11-12 12:23:52,089 - INFO - END create_solution_sign =============================================

<<<<<<<<<<<<<<<<<<<<<<<<<<<<<<<<<<<<<<<<<<<<<<<<<<<<<<<<<<<<<<<<<<<<<<<<<<<<<<<<<<<<<<<<<<<<<<<<<<<<<<<<<<<<<<<<<<<<<<<<
                                                                                                                        
                                                                                                                        
>>>>>>>>>>>>>>>>>>>>>>>>>>>>>>>>>>>>>>>>>>>>>>>>>>>>>>>>>>>>>>>>>>>>>>>>>>>>>>>>>>>>>>>>>>>>>>>>>>>>>>>>>>>>>>>>>>>>>>>>
2025-11-12 12:45:45,058 - INFO - START create_solution_sign =============================================
2025-11-12 12:45:45,059 - INFO - START create_solution_sign Start Time = 2025-11-12 12:45:45
2025-11-12 12:45:45,059 - INFO - create_solution_sign Step 0 - Initialize the configuration file parser
2025-11-12 12:45:45,059 - INFO - Process create_solution_sign Step 0 - Initializing and starting Logging Process.
2025-11-12 12:46:04,028 - INFO - PERFORMANCE create_solution_sign The total process duration was:18.97
2025-11-12 12:46:04,028 - INFO - PERFORMANCE create_solution_sign Stop Time = 2025-11-12 12:46:04
2025-11-12 12:46:04,028 - INFO - PERFORMANCE create_solution_sign Low process duration less than 3 minutes:18.97
2025-11-12 12:46:04,028 - INFO - PERFORMANCE create_solution_sign Performance optimization is optional
2025-11-12 12:46:04,029 - INFO - END create_solution_sign =============================================

<<<<<<<<<<<<<<<<<<<<<<<<<<<<<<<<<<<<<<<<<<<<<<<<<<<<<<<<<<<<<<<<<<<<<<<<<<<<<<<<<<<<<<<<<<<<<<<<<<<<<<<<<<<<<<<<<<<<<<<<
                                                                                                                        
                                                                                                                        
>>>>>>>>>>>>>>>>>>>>>>>>>>>>>>>>>>>>>>>>>>>>>>>>>>>>>>>>>>>>>>>>>>>>>>>>>>>>>>>>>>>>>>>>>>>>>>>>>>>>>>>>>>>>>>>>>>>>>>>>
2025-11-12 12:47:08,427 - INFO - START create_solution_sign =============================================
2025-11-12 12:47:08,427 - INFO - START create_solution_sign Start Time = 2025-11-12 12:47:08
2025-11-12 12:47:08,427 - INFO - create_solution_sign Step 0 - Initialize the configuration file parser
2025-11-12 12:47:08,427 - INFO - Process create_solution_sign Step 0 - Initializing and starting Logging Process.
2025-11-12 12:47:27,639 - INFO - PERFORMANCE create_solution_sign The total process duration was:19.21
2025-11-12 12:47:27,639 - INFO - PERFORMANCE create_solution_sign Stop Time = 2025-11-12 12:47:27
2025-11-12 12:47:27,639 - INFO - PERFORMANCE create_solution_sign Low process duration less than 3 minutes:19.21
2025-11-12 12:47:27,639 - INFO - PERFORMANCE create_solution_sign Performance optimization is optional
2025-11-12 12:47:27,639 - INFO - END create_solution_sign =============================================

<<<<<<<<<<<<<<<<<<<<<<<<<<<<<<<<<<<<<<<<<<<<<<<<<<<<<<<<<<<<<<<<<<<<<<<<<<<<<<<<<<<<<<<<<<<<<<<<<<<<<<<<<<<<<<<<<<<<<<<<
                                                                                                                        
                                                                                                                        
>>>>>>>>>>>>>>>>>>>>>>>>>>>>>>>>>>>>>>>>>>>>>>>>>>>>>>>>>>>>>>>>>>>>>>>>>>>>>>>>>>>>>>>>>>>>>>>>>>>>>>>>>>>>>>>>>>>>>>>>
2025-11-12 12:48:32,043 - INFO - START create_solution_sign =============================================
2025-11-12 12:48:32,043 - INFO - START create_solution_sign Start Time = 2025-11-12 12:48:32
2025-11-12 12:48:32,043 - INFO - create_solution_sign Step 0 - Initialize the configuration file parser
2025-11-12 12:48:32,044 - INFO - Process create_solution_sign Step 0 - Initializing and starting Logging Process.
2025-11-12 12:48:50,258 - INFO - PERFORMANCE create_solution_sign The total process duration was:18.22
2025-11-12 12:48:50,258 - INFO - PERFORMANCE create_solution_sign Stop Time = 2025-11-12 12:48:50
2025-11-12 12:48:50,258 - INFO - PERFORMANCE create_solution_sign Low process duration less than 3 minutes:18.22
2025-11-12 12:48:50,258 - INFO - PERFORMANCE create_solution_sign Performance optimization is optional
2025-11-12 12:48:50,258 - INFO - END create_solution_sign =============================================

<<<<<<<<<<<<<<<<<<<<<<<<<<<<<<<<<<<<<<<<<<<<<<<<<<<<<<<<<<<<<<<<<<<<<<<<<<<<<<<<<<<<<<<<<<<<<<<<<<<<<<<<<<<<<<<<<<<<<<<<
                                                                                                                        
